Unity Editor version:    6000.0.19f1 (302b264628f9)
Branch:                  trunk
Build type:              Release
Batch mode:              YES
macOS version:           Version 15.2 (Build 24C100)
Darwin version:          24.2.0
Architecture:            arm64
Running under Rosetta:   NO
Available memory:        131072 MB
Using pre-set license
Pro License: YES

COMMAND LINE ARGUMENTS:
/Applications/Unity/Hub/Editor/6000.0.19f1/Unity.app/Contents/MacOS/Unity
-adb2
-batchMode
-noUpm
-name
AssetImportWorker4
-projectPath
/Users/sam/UnityProjects/TopDownFramework
-logFile
Logs/AssetImportWorker4.log
-srvPort
49418
-job-worker-count
7
-background-job-worker-count
8
-asset-garbage-collectors
1
Successfully changed project path to: /Users/sam/UnityProjects/TopDownFramework
/Users/sam/UnityProjects/TopDownFramework
[UnityMemory] Configuration Parameters - Can be set up in boot.config
    "memorysetup-bucket-allocator-granularity=16"
    "memorysetup-bucket-allocator-bucket-count=8"
    "memorysetup-bucket-allocator-block-size=33554432"
    "memorysetup-bucket-allocator-block-count=8"
    "memorysetup-main-allocator-block-size=16777216"
    "memorysetup-thread-allocator-block-size=16777216"
    "memorysetup-gfx-main-allocator-block-size=16777216"
    "memorysetup-gfx-thread-allocator-block-size=16777216"
    "memorysetup-cache-allocator-block-size=4194304"
    "memorysetup-typetree-allocator-block-size=2097152"
    "memorysetup-profiler-bucket-allocator-granularity=16"
    "memorysetup-profiler-bucket-allocator-bucket-count=8"
    "memorysetup-profiler-bucket-allocator-block-size=33554432"
    "memorysetup-profiler-bucket-allocator-block-count=8"
    "memorysetup-profiler-allocator-block-size=16777216"
    "memorysetup-profiler-editor-allocator-block-size=1048576"
    "memorysetup-temp-allocator-size-main=16777216"
    "memorysetup-job-temp-allocator-block-size=2097152"
    "memorysetup-job-temp-allocator-block-size-background=1048576"
    "memorysetup-job-temp-allocator-reduction-small-platforms=262144"
    "memorysetup-allocator-temp-initial-block-size-main=262144"
    "memorysetup-allocator-temp-initial-block-size-worker=262144"
    "memorysetup-temp-allocator-size-background-worker=32768"
    "memorysetup-temp-allocator-size-job-worker=262144"
    "memorysetup-temp-allocator-size-preload-manager=33554432"
    "memorysetup-temp-allocator-size-nav-mesh-worker=65536"
    "memorysetup-temp-allocator-size-audio-worker=65536"
    "memorysetup-temp-allocator-size-cloud-worker=32768"
    "memorysetup-temp-allocator-size-gi-baking-worker=262144"
    "memorysetup-temp-allocator-size-gi-baking-worker=262144"
    "memorysetup-temp-allocator-size-gi-baking-worker=262144"
    "memorysetup-temp-allocator-size-gi-baking-worker=262144"
    "memorysetup-temp-allocator-size-gi-baking-worker=262144"
    "memorysetup-temp-allocator-size-gfx=262144"
Player connection [8345043520]  Target information:

Player connection [8345043520]  * "[IP] 10.6.155.16 [Port] 0 [Flags] 2 [Guid] 238618083 [EditorId] 238618083 [Version] 1048832 [Id] OSXEditor(0,Sams-MacBook-Pro.local) [Debug] 1 [PackageName] OSXEditor [ProjectName] Editor" 

Player connection [8345043520] Host joined multi-casting on [225.0.0.222:54997]...
Player connection [8345043520] Host joined alternative multi-casting on [225.0.0.222:34997]...
JobSystem: Creating JobQueue using job-worker-count value 7
Library Redirect Path: Library/
[PhysX] Initialized MultithreadedTaskDispatcher with 8 workers.
Refreshing native plugins compatible for Editor in 0.69 ms, found 3 plugins.
Preloading 0 native plugins for Editor in 0.00 ms.
Initialize engine version: 6000.0.19f1 (302b264628f9)
[Subsystems] Discovering subsystems at path /Applications/Unity/Hub/Editor/6000.0.19f1/Unity.app/Contents/Resources/UnitySubsystems
[Subsystems] Discovering subsystems at path /Users/sam/UnityProjects/TopDownFramework/Assets
GfxDevice: creating device client; kGfxThreadingModeNonThreaded
 preferred device: Apple M4 Max (high power)
Metal devices available: 1
0: Apple M4 Max (high power)
Using device Apple M4 Max (high power)
Initializing Metal device caps: Apple M4 Max
Initialize mono
Mono path[0] = '/Applications/Unity/Hub/Editor/6000.0.19f1/Unity.app/Contents/Managed'
Mono path[1] = '/Applications/Unity/Hub/Editor/6000.0.19f1/Unity.app/Contents/MonoBleedingEdge/lib/mono/unityjit-macos'
Mono config path = '/Applications/Unity/Hub/Editor/6000.0.19f1/Unity.app/Contents/MonoBleedingEdge/etc'
Using monoOptions --debugger-agent=transport=dt_socket,embedding=1,server=y,suspend=n,address=127.0.0.1:56141
Begin MonoManager ReloadAssembly
Registering precompiled unity dll's ...
Register platform support module: /Applications/Unity/Hub/Editor/6000.0.19f1/PlaybackEngines/WebGLSupport/UnityEditor.WebGL.Extensions.dll
Register platform support module: /Applications/Unity/Hub/Editor/6000.0.19f1/Unity.app/Contents/PlaybackEngines/MacStandaloneSupport/UnityEditor.OSXStandalone.Extensions.dll
Register platform support module: /Applications/Unity/Hub/Editor/6000.0.19f1/PlaybackEngines/WindowsStandaloneSupport/UnityEditor.WindowsStandalone.Extensions.dll
Registered in 0.000861 seconds.
- Loaded All Assemblies, in  0.170 seconds
Native extension for WindowsStandalone target not found
Native extension for OSXStandalone target not found
Native extension for WebGL target not found
Mono: successfully reloaded assembly
- Finished resetting the current domain, in  0.270 seconds
Domain Reload Profiling: 440ms
	BeginReloadAssembly (34ms)
		ExecutionOrderSort (0ms)
		DisableScriptedObjects (0ms)
		BackupInstance (0ms)
		ReleaseScriptingObjects (0ms)
		CreateAndSetChildDomain (0ms)
	RebuildCommonClasses (21ms)
	RebuildNativeTypeToScriptingClass (7ms)
	initialDomainReloadingComplete (23ms)
	LoadAllAssembliesAndSetupDomain (86ms)
		LoadAssemblies (34ms)
		RebuildTransferFunctionScriptingTraits (0ms)
		AnalyzeDomain (84ms)
			TypeCache.Refresh (84ms)
				TypeCache.ScanAssembly (77ms)
			BuildScriptInfoCaches (0ms)
			ResolveRequiredComponents (0ms)
	FinalizeReload (270ms)
		ReleaseScriptCaches (0ms)
		RebuildScriptCaches (0ms)
		SetupLoadedEditorAssemblies (243ms)
			LogAssemblyErrors (0ms)
			InitializePlatformSupportModulesInManaged (38ms)
			SetLoadedEditorAssemblies (2ms)
			BeforeProcessingInitializeOnLoad (3ms)
			ProcessInitializeOnLoadAttributes (133ms)
			ProcessInitializeOnLoadMethodAttributes (64ms)
			AfterProcessingInitializeOnLoad (2ms)
			EditorAssembliesLoaded (0ms)
		ExecutionOrderSort2 (0ms)
		AwakeInstancesAfterBackupRestoration (0ms)
========================================================================
Worker process is ready to serve import requests
Import Worker Mode flag is 0x00
Begin MonoManager ReloadAssembly
- Loaded All Assemblies, in  0.496 seconds
Refreshing native plugins compatible for Editor in 0.36 ms, found 3 plugins.
Native extension for WindowsStandalone target not found
Native extension for OSXStandalone target not found
Native extension for WebGL target not found
The project currently uses the compatibility mode where the Render Graph API is disabled. Support for this mode will be removed in future Unity versions. Migrate existing ScriptableRenderPasses to the new RenderGraph API. After the migration, disable the compatibility mode in Edit > Projects Settings > Graphics > Render Graph.
UnityEngine.Debug:ExtractStackTraceNoAlloc (byte*,int,string)
UnityEngine.StackTraceUtility:ExtractStackTrace () (at /Users/bokken/build/output/unity/unity/Runtime/Export/Scripting/StackTrace.cs:37)
UnityEngine.DebugLogHandler:Internal_Log (UnityEngine.LogType,UnityEngine.LogOption,string,UnityEngine.Object)
UnityEngine.DebugLogHandler:LogFormat (UnityEngine.LogType,UnityEngine.Object,string,object[])
UnityEngine.Logger:Log (UnityEngine.LogType,object)
UnityEngine.Debug:LogWarning (object)
UnityEngine.Rendering.Universal.WarnUsingNonRenderGraph:EmitConsoleWarning () (at ./Library/PackageCache/com.unity.render-pipelines.universal/Runtime/Data/UniversalRenderPipelineAsset.cs:427)
System.Reflection.RuntimeMethodInfo:Invoke (object,System.Reflection.BindingFlags,System.Reflection.Binder,object[],System.Globalization.CultureInfo)
System.Reflection.MethodBase:Invoke (object,object[])
UnityEditor.EditorAssemblies:ProcessInitializeOnLoadMethodAttributes () (at /Users/bokken/build/output/unity/unity/Editor/Mono/EditorAssemblies.cs:142)

(Filename: ./Library/PackageCache/com.unity.render-pipelines.universal/Runtime/Data/UniversalRenderPipelineAsset.cs Line: 427)

Mono: successfully reloaded assembly
- Finished resetting the current domain, in  0.498 seconds
Domain Reload Profiling: 993ms
	BeginReloadAssembly (223ms)
		ExecutionOrderSort (0ms)
		DisableScriptedObjects (3ms)
		BackupInstance (0ms)
		ReleaseScriptingObjects (0ms)
		CreateAndSetChildDomain (20ms)
	RebuildCommonClasses (20ms)
	RebuildNativeTypeToScriptingClass (7ms)
	initialDomainReloadingComplete (17ms)
	LoadAllAssembliesAndSetupDomain (229ms)
		LoadAssemblies (113ms)
		RebuildTransferFunctionScriptingTraits (0ms)
		AnalyzeDomain (138ms)
			TypeCache.Refresh (104ms)
				TypeCache.ScanAssembly (95ms)
			BuildScriptInfoCaches (27ms)
			ResolveRequiredComponents (5ms)
	FinalizeReload (498ms)
		ReleaseScriptCaches (0ms)
		RebuildScriptCaches (0ms)
		SetupLoadedEditorAssemblies (390ms)
			LogAssemblyErrors (0ms)
			InitializePlatformSupportModulesInManaged (6ms)
			SetLoadedEditorAssemblies (2ms)
			BeforeProcessingInitializeOnLoad (28ms)
			ProcessInitializeOnLoadAttributes (307ms)
			ProcessInitializeOnLoadMethodAttributes (45ms)
			AfterProcessingInitializeOnLoad (2ms)
			EditorAssembliesLoaded (0ms)
		ExecutionOrderSort2 (0ms)
		AwakeInstancesAfterBackupRestoration (2ms)
Launching external process: /Applications/Unity/Hub/Editor/6000.0.19f1/Unity.app/Contents/Tools/UnityShaderCompiler
Launched and connected shader compiler UnityShaderCompiler after 0.02 seconds
Refreshing native plugins compatible for Editor in 0.32 ms, found 3 plugins.
Preloading 0 native plugins for Editor in 0.00 ms.
Unloading 206 Unused Serialized files (Serialized files now loaded: 0)
Unloading 6535 unused Assets / (3.4 MB). Loaded Objects now: 7327.
Memory consumption went from 216.3 MB to 212.8 MB.
Total: 4.792583 ms (FindLiveObjects: 0.453416 ms CreateObjectMapping: 0.126000 ms MarkObjects: 3.367542 ms  DeleteObjects: 0.845458 ms)

========================================================================
Received Import Request.
  Time since last request: 3567.407824 seconds.
  path: Assets/TileSets/Palettes/Cave/TileSet_CaveTiles_8.asset
  artifactKey: Guid(2f3c1cd9477761d4e9ec470b1bfcf73f) Importer(815301076,1909f56bfc062723c751e8b465ee728b)
Start importing Assets/TileSets/Palettes/Cave/TileSet_CaveTiles_8.asset using Guid(2f3c1cd9477761d4e9ec470b1bfcf73f) Importer(815301076,1909f56bfc062723c751e8b465ee728b) (PreviewImporter)[PhysX] Initialized MultithreadedTaskDispatcher with 8 workers.
 -> (artifact id: '8edb338a4ca25d40788458b228f85c37') in 0.111879167 seconds
Number of updated asset objects reloaded before import = 0Number of asset objects unloaded after import = 1839

========================================================================
Received Import Request.
  Time since last request: 0.000040 seconds.
  path: Assets/TileSets/Palettes/Cave/TileSet_CaveTiles_12.asset
  artifactKey: Guid(5ced993fcd8c70a4ea50ff61eeb2149d) Importer(815301076,1909f56bfc062723c751e8b465ee728b)
Start importing Assets/TileSets/Palettes/Cave/TileSet_CaveTiles_12.asset using Guid(5ced993fcd8c70a4ea50ff61eeb2149d) Importer(815301076,1909f56bfc062723c751e8b465ee728b) (PreviewImporter)[PhysX] Initialized MultithreadedTaskDispatcher with 8 workers.
 -> (artifact id: '3e6c4189db0f91cfaed818a34a0b48e2') in 0.021498875 seconds
Number of updated asset objects reloaded before import = 0Number of asset objects unloaded after import = 1839

========================================================================
Received Import Request.
  Time since last request: 0.028890 seconds.
  path: Assets/TileSets/Palettes/Cave/TileSet_CaveTiles_16.asset
  artifactKey: Guid(965e63147f9699848aa6f47c80932507) Importer(815301076,1909f56bfc062723c751e8b465ee728b)
Start importing Assets/TileSets/Palettes/Cave/TileSet_CaveTiles_16.asset using Guid(965e63147f9699848aa6f47c80932507) Importer(815301076,1909f56bfc062723c751e8b465ee728b) (PreviewImporter)[PhysX] Initialized MultithreadedTaskDispatcher with 8 workers.
 -> (artifact id: '5daf8ba04a834bb0190f6c48e3f5f07d') in 0.021281833 seconds
Number of updated asset objects reloaded before import = 0Number of asset objects unloaded after import = 1839

========================================================================
Received Import Request.
  Time since last request: 0.016772 seconds.
  path: Assets/TileSets/Palettes/Cave/TileSet_CaveTiles_18.asset
  artifactKey: Guid(b949702bf2665ff4bb45e06ecb940ca9) Importer(815301076,1909f56bfc062723c751e8b465ee728b)
Start importing Assets/TileSets/Palettes/Cave/TileSet_CaveTiles_18.asset using Guid(b949702bf2665ff4bb45e06ecb940ca9) Importer(815301076,1909f56bfc062723c751e8b465ee728b) (PreviewImporter)[PhysX] Initialized MultithreadedTaskDispatcher with 8 workers.
 -> (artifact id: 'ed9b59232b3c0b1baaebf8ed27c5b52e') in 0.021866083 seconds
Number of updated asset objects reloaded before import = 0Number of asset objects unloaded after import = 1839

========================================================================
Received Import Request.
  Time since last request: 0.031253 seconds.
  path: Assets/TileSets/Palettes/Cave/TileSet_CaveTiles_20.asset
  artifactKey: Guid(6a6907af6bb79584d9a85e5b1e9419e0) Importer(815301076,1909f56bfc062723c751e8b465ee728b)
Start importing Assets/TileSets/Palettes/Cave/TileSet_CaveTiles_20.asset using Guid(6a6907af6bb79584d9a85e5b1e9419e0) Importer(815301076,1909f56bfc062723c751e8b465ee728b) (PreviewImporter)[PhysX] Initialized MultithreadedTaskDispatcher with 8 workers.
 -> (artifact id: '7154711f892e391ec41804fdc89483e4') in 0.021331042 seconds
Number of updated asset objects reloaded before import = 0Number of asset objects unloaded after import = 1839

========================================================================
Received Import Request.
  Time since last request: 0.065096 seconds.
  path: Assets/TileSets/Palettes/Cave/TileSet_CaveTiles_22.asset
  artifactKey: Guid(1b528bbf4d9177e4ca1b50070ac5bfe4) Importer(815301076,1909f56bfc062723c751e8b465ee728b)
Start importing Assets/TileSets/Palettes/Cave/TileSet_CaveTiles_22.asset using Guid(1b528bbf4d9177e4ca1b50070ac5bfe4) Importer(815301076,1909f56bfc062723c751e8b465ee728b) (PreviewImporter)[PhysX] Initialized MultithreadedTaskDispatcher with 8 workers.
 -> (artifact id: '637a05628846b4150141b6a8e88440d4') in 0.021557292 seconds
Number of updated asset objects reloaded before import = 0Number of asset objects unloaded after import = 1839

========================================================================
Received Import Request.
  Time since last request: 11.313585 seconds.
  path: Assets/TileSets/Palettes/Cave/TileSet_CaveTiles_24.asset
  artifactKey: Guid(ad717158a56fda34c90c5ce777df22ca) Importer(815301076,1909f56bfc062723c751e8b465ee728b)
Start importing Assets/TileSets/Palettes/Cave/TileSet_CaveTiles_24.asset using Guid(ad717158a56fda34c90c5ce777df22ca) Importer(815301076,1909f56bfc062723c751e8b465ee728b) (PreviewImporter)[PhysX] Initialized MultithreadedTaskDispatcher with 8 workers.
 -> (artifact id: 'c6a4a9ec52dbc61e6d27eaf1744a1a10') in 0.032897667 seconds
Number of updated asset objects reloaded before import = 0Number of asset objects unloaded after import = 1839

========================================================================
Received Import Request.
  Time since last request: 0.010441 seconds.
  path: Assets/TileSets/Palettes/Cave/TileSet_CaveTiles_26.asset
  artifactKey: Guid(deefaa0fdb77fe145861afb1ba2c1ecf) Importer(815301076,1909f56bfc062723c751e8b465ee728b)
Start importing Assets/TileSets/Palettes/Cave/TileSet_CaveTiles_26.asset using Guid(deefaa0fdb77fe145861afb1ba2c1ecf) Importer(815301076,1909f56bfc062723c751e8b465ee728b) (PreviewImporter)[PhysX] Initialized MultithreadedTaskDispatcher with 8 workers.
 -> (artifact id: '46e767308ce61b4badd01f5bda730851') in 0.021734375 seconds
Number of updated asset objects reloaded before import = 0Number of asset objects unloaded after import = 1839

========================================================================
Received Import Request.
  Time since last request: 17.818349 seconds.
  path: Assets/TileSets/Palettes/Cave/TileSet_CaveTiles_28.asset
  artifactKey: Guid(faae69d8c15077e44ba7145c3964d718) Importer(815301076,1909f56bfc062723c751e8b465ee728b)
Start importing Assets/TileSets/Palettes/Cave/TileSet_CaveTiles_28.asset using Guid(faae69d8c15077e44ba7145c3964d718) Importer(815301076,1909f56bfc062723c751e8b465ee728b) (PreviewImporter)[PhysX] Initialized MultithreadedTaskDispatcher with 8 workers.
 -> (artifact id: '5b7b484b741c4ca2d8e28bdd9b0f590c') in 0.030358333 seconds
Number of updated asset objects reloaded before import = 0Number of asset objects unloaded after import = 1839

========================================================================
Received Import Request.
  Time since last request: 26.175767 seconds.
  path: Assets/TileSets/Palettes/Cave/TileSet_CaveTiles_30.asset
  artifactKey: Guid(5d8b5f9d8cfa25449aa0a170e6ba792a) Importer(815301076,1909f56bfc062723c751e8b465ee728b)
Start importing Assets/TileSets/Palettes/Cave/TileSet_CaveTiles_30.asset using Guid(5d8b5f9d8cfa25449aa0a170e6ba792a) Importer(815301076,1909f56bfc062723c751e8b465ee728b) (PreviewImporter)[PhysX] Initialized MultithreadedTaskDispatcher with 8 workers.
 -> (artifact id: 'a5694e239fed425e6a11aafd6b17a50f') in 0.030696333 seconds
Number of updated asset objects reloaded before import = 0Number of asset objects unloaded after import = 1839

========================================================================
Received Import Request.
  Time since last request: 24.965040 seconds.
  path: Assets/TileSets/Palettes/Cave/TileSet_CaveTiles_32.asset
  artifactKey: Guid(76c5b1cdb570a3842a5f1c289fa44e51) Importer(815301076,1909f56bfc062723c751e8b465ee728b)
Start importing Assets/TileSets/Palettes/Cave/TileSet_CaveTiles_32.asset using Guid(76c5b1cdb570a3842a5f1c289fa44e51) Importer(815301076,1909f56bfc062723c751e8b465ee728b) (PreviewImporter)[PhysX] Initialized MultithreadedTaskDispatcher with 8 workers.
 -> (artifact id: '632ec1175225f9b5b2d39eebb9285942') in 0.030822459 seconds
Number of updated asset objects reloaded before import = 0Number of asset objects unloaded after import = 1839

========================================================================
Received Import Request.
  Time since last request: 0.356188 seconds.
  path: Assets/TileSets/Palettes/Cave/TileSet_CaveTiles_34.asset
  artifactKey: Guid(d177e8682e7f30a49aa9baca1f1b9127) Importer(815301076,1909f56bfc062723c751e8b465ee728b)
Start importing Assets/TileSets/Palettes/Cave/TileSet_CaveTiles_34.asset using Guid(d177e8682e7f30a49aa9baca1f1b9127) Importer(815301076,1909f56bfc062723c751e8b465ee728b) (PreviewImporter)[PhysX] Initialized MultithreadedTaskDispatcher with 8 workers.
 -> (artifact id: '7496d2a851708fb2cefe774fbe55c1a2') in 0.021975208 seconds
Number of updated asset objects reloaded before import = 0Number of asset objects unloaded after import = 1839

========================================================================
Received Import Request.
  Time since last request: 0.089227 seconds.
  path: Assets/TileSets/Palettes/Cave/TileSet_CaveTiles_36.asset
  artifactKey: Guid(c5047927beaf92e4197157fbe3f42bc5) Importer(815301076,1909f56bfc062723c751e8b465ee728b)
Start importing Assets/TileSets/Palettes/Cave/TileSet_CaveTiles_36.asset using Guid(c5047927beaf92e4197157fbe3f42bc5) Importer(815301076,1909f56bfc062723c751e8b465ee728b) (PreviewImporter)[PhysX] Initialized MultithreadedTaskDispatcher with 8 workers.
 -> (artifact id: '5a941a799749feb1a55cb6620ef5903c') in 0.021637792 seconds
Number of updated asset objects reloaded before import = 0Number of asset objects unloaded after import = 1839

========================================================================
Received Import Request.
  Time since last request: 0.069515 seconds.
  path: Assets/TileSets/Palettes/Cave/TileSet_CaveTiles_38.asset
  artifactKey: Guid(7bbb3d8ff3cf6b248a23070a78400fd8) Importer(815301076,1909f56bfc062723c751e8b465ee728b)
Start importing Assets/TileSets/Palettes/Cave/TileSet_CaveTiles_38.asset using Guid(7bbb3d8ff3cf6b248a23070a78400fd8) Importer(815301076,1909f56bfc062723c751e8b465ee728b) (PreviewImporter)[PhysX] Initialized MultithreadedTaskDispatcher with 8 workers.
 -> (artifact id: 'b04ea538fb520d0a70b390a9a2ea7bc3') in 0.02176225 seconds
Number of updated asset objects reloaded before import = 0Number of asset objects unloaded after import = 1839

========================================================================
Received Import Request.
  Time since last request: 0.238499 seconds.
  path: Assets/TileSets/Palettes/Cave/TileSet_CaveTiles_40.asset
  artifactKey: Guid(36884946310f9cb48ad02d54a1bcaa05) Importer(815301076,1909f56bfc062723c751e8b465ee728b)
Start importing Assets/TileSets/Palettes/Cave/TileSet_CaveTiles_40.asset using Guid(36884946310f9cb48ad02d54a1bcaa05) Importer(815301076,1909f56bfc062723c751e8b465ee728b) (PreviewImporter)[PhysX] Initialized MultithreadedTaskDispatcher with 8 workers.
 -> (artifact id: 'e71e656fdf95661bcd638d4a126cd22f') in 0.021781792 seconds
Number of updated asset objects reloaded before import = 0Number of asset objects unloaded after import = 1839

========================================================================
Received Import Request.
  Time since last request: 0.100504 seconds.
  path: Assets/TileSets/Palettes/Cave/TileSet_CaveTiles_42.asset
  artifactKey: Guid(308b450e47d98944e84682d148432383) Importer(815301076,1909f56bfc062723c751e8b465ee728b)
Start importing Assets/TileSets/Palettes/Cave/TileSet_CaveTiles_42.asset using Guid(308b450e47d98944e84682d148432383) Importer(815301076,1909f56bfc062723c751e8b465ee728b) (PreviewImporter)[PhysX] Initialized MultithreadedTaskDispatcher with 8 workers.
 -> (artifact id: 'a777632a07558cbf7a4ac50e3c605f71') in 0.02202325 seconds
Number of updated asset objects reloaded before import = 0Number of asset objects unloaded after import = 1839

========================================================================
Received Import Request.
  Time since last request: 0.148394 seconds.
  path: Assets/TileSets/Palettes/Cave/TileSet_CaveTiles_44.asset
  artifactKey: Guid(aad1173723020824daf12bd73cda1748) Importer(815301076,1909f56bfc062723c751e8b465ee728b)
Start importing Assets/TileSets/Palettes/Cave/TileSet_CaveTiles_44.asset using Guid(aad1173723020824daf12bd73cda1748) Importer(815301076,1909f56bfc062723c751e8b465ee728b) (PreviewImporter)[PhysX] Initialized MultithreadedTaskDispatcher with 8 workers.
 -> (artifact id: '9b9fba98919974a6a711a66b5c155256') in 0.021947042 seconds
Number of updated asset objects reloaded before import = 0Number of asset objects unloaded after import = 1839

========================================================================
Received Import Request.
  Time since last request: 0.099742 seconds.
  path: Assets/TileSets/Palettes/Cave/TileSet_CaveTiles_46.asset
  artifactKey: Guid(8f3a019452023054c891b75d364a8a54) Importer(815301076,1909f56bfc062723c751e8b465ee728b)
Start importing Assets/TileSets/Palettes/Cave/TileSet_CaveTiles_46.asset using Guid(8f3a019452023054c891b75d364a8a54) Importer(815301076,1909f56bfc062723c751e8b465ee728b) (PreviewImporter)[PhysX] Initialized MultithreadedTaskDispatcher with 8 workers.
 -> (artifact id: 'b9d2873ebbb8f3732432c0ce44d1716b') in 0.021823708 seconds
Number of updated asset objects reloaded before import = 0Number of asset objects unloaded after import = 1839

========================================================================
Received Import Request.
  Time since last request: 0.039244 seconds.
  path: Assets/TileSets/Palettes/Cave/TileSet_CaveTiles_48.asset
  artifactKey: Guid(a6c8c9ec739601a4cafc9feedec21397) Importer(815301076,1909f56bfc062723c751e8b465ee728b)
Start importing Assets/TileSets/Palettes/Cave/TileSet_CaveTiles_48.asset using Guid(a6c8c9ec739601a4cafc9feedec21397) Importer(815301076,1909f56bfc062723c751e8b465ee728b) (PreviewImporter)[PhysX] Initialized MultithreadedTaskDispatcher with 8 workers.
 -> (artifact id: '84a2865303426dfcfc2963af593eeabc') in 0.022158791 seconds
Number of updated asset objects reloaded before import = 0Number of asset objects unloaded after import = 1839

========================================================================
Received Import Request.
  Time since last request: 0.058223 seconds.
  path: Assets/TileSets/Palettes/Cave/TileSet_CaveTiles_50.asset
  artifactKey: Guid(061440808fb622643a4172ee8c09aa6e) Importer(815301076,1909f56bfc062723c751e8b465ee728b)
Start importing Assets/TileSets/Palettes/Cave/TileSet_CaveTiles_50.asset using Guid(061440808fb622643a4172ee8c09aa6e) Importer(815301076,1909f56bfc062723c751e8b465ee728b) (PreviewImporter)[PhysX] Initialized MultithreadedTaskDispatcher with 8 workers.
 -> (artifact id: '517e91db27583c5153ac05e606c8960a') in 0.021815166 seconds
Number of updated asset objects reloaded before import = 0Number of asset objects unloaded after import = 1839

========================================================================
Received Import Request.
  Time since last request: 0.049491 seconds.
  path: Assets/TileSets/Palettes/Cave/TileSet_CaveTiles_52.asset
  artifactKey: Guid(06fefb5839361b541891a39cf94334a5) Importer(815301076,1909f56bfc062723c751e8b465ee728b)
Start importing Assets/TileSets/Palettes/Cave/TileSet_CaveTiles_52.asset using Guid(06fefb5839361b541891a39cf94334a5) Importer(815301076,1909f56bfc062723c751e8b465ee728b) (PreviewImporter)[PhysX] Initialized MultithreadedTaskDispatcher with 8 workers.
 -> (artifact id: '2439feada1dac6be36f7d74b69eb75ee') in 0.021750708 seconds
Number of updated asset objects reloaded before import = 0Number of asset objects unloaded after import = 1839

========================================================================
Received Import Request.
  Time since last request: 0.962319 seconds.
  path: Assets/TileSets/Palettes/Cave/TileSet_CaveTiles_54.asset
  artifactKey: Guid(f680830da9064114db1eb5aa92b5fdfd) Importer(815301076,1909f56bfc062723c751e8b465ee728b)
Start importing Assets/TileSets/Palettes/Cave/TileSet_CaveTiles_54.asset using Guid(f680830da9064114db1eb5aa92b5fdfd) Importer(815301076,1909f56bfc062723c751e8b465ee728b) (PreviewImporter)[PhysX] Initialized MultithreadedTaskDispatcher with 8 workers.
 -> (artifact id: '891d758a0d03561bf862d8cd417b9676') in 0.022153 seconds
Number of updated asset objects reloaded before import = 0Number of asset objects unloaded after import = 1839

========================================================================
Received Import Request.
  Time since last request: 0.276698 seconds.
  path: Assets/TileSets/Palettes/Cave/TileSet_CaveTiles_56.asset
  artifactKey: Guid(b6cd8e705ba96a548a950aafeea2b9a2) Importer(815301076,1909f56bfc062723c751e8b465ee728b)
Start importing Assets/TileSets/Palettes/Cave/TileSet_CaveTiles_56.asset using Guid(b6cd8e705ba96a548a950aafeea2b9a2) Importer(815301076,1909f56bfc062723c751e8b465ee728b) (PreviewImporter)[PhysX] Initialized MultithreadedTaskDispatcher with 8 workers.
 -> (artifact id: '4b41fb4421a1aec8d5a4890ab34c922c') in 0.022169875 seconds
Number of updated asset objects reloaded before import = 0Number of asset objects unloaded after import = 1839

========================================================================
Received Import Request.
  Time since last request: 3.500417 seconds.
  path: Assets/TileSets/Palettes/Cave/TileSet_CaveTiles_58.asset
  artifactKey: Guid(403ddccea1dc5c44d9f59c767badb705) Importer(815301076,1909f56bfc062723c751e8b465ee728b)
Start importing Assets/TileSets/Palettes/Cave/TileSet_CaveTiles_58.asset using Guid(403ddccea1dc5c44d9f59c767badb705) Importer(815301076,1909f56bfc062723c751e8b465ee728b) (PreviewImporter)[PhysX] Initialized MultithreadedTaskDispatcher with 8 workers.
 -> (artifact id: '0907f8ea406fccc9d90bbd055097ec30') in 0.029959333 seconds
Number of updated asset objects reloaded before import = 0Number of asset objects unloaded after import = 1839

========================================================================
Received Import Request.
  Time since last request: 0.011801 seconds.
  path: Assets/TileSets/Palettes/Cave/TileSet_CaveTiles_60.asset
  artifactKey: Guid(7189ed6d51bd16d4bb9bed65fe87c63d) Importer(815301076,1909f56bfc062723c751e8b465ee728b)
Start importing Assets/TileSets/Palettes/Cave/TileSet_CaveTiles_60.asset using Guid(7189ed6d51bd16d4bb9bed65fe87c63d) Importer(815301076,1909f56bfc062723c751e8b465ee728b) (PreviewImporter)[PhysX] Initialized MultithreadedTaskDispatcher with 8 workers.
 -> (artifact id: '89cba1af0bd2718744041b0964051091') in 0.0216615 seconds
Number of updated asset objects reloaded before import = 0Number of asset objects unloaded after import = 1839

========================================================================
Received Import Request.
  Time since last request: 0.042306 seconds.
  path: Assets/TileSets/Palettes/Cave/TileSet_CaveTiles_62.asset
  artifactKey: Guid(ebdfbe066d503d442a094299cbbef64c) Importer(815301076,1909f56bfc062723c751e8b465ee728b)
Start importing Assets/TileSets/Palettes/Cave/TileSet_CaveTiles_62.asset using Guid(ebdfbe066d503d442a094299cbbef64c) Importer(815301076,1909f56bfc062723c751e8b465ee728b) (PreviewImporter)[PhysX] Initialized MultithreadedTaskDispatcher with 8 workers.
 -> (artifact id: '7523099278c508bd0eceadcf9d490a25') in 0.022161542 seconds
Number of updated asset objects reloaded before import = 0Number of asset objects unloaded after import = 1839

========================================================================
Received Import Request.
  Time since last request: 0.244093 seconds.
  path: Assets/TileSets/Palettes/Cave/TileSet_CaveTiles_64.asset
  artifactKey: Guid(dd4d1213147d9324cbc244e9d8df733c) Importer(815301076,1909f56bfc062723c751e8b465ee728b)
Start importing Assets/TileSets/Palettes/Cave/TileSet_CaveTiles_64.asset using Guid(dd4d1213147d9324cbc244e9d8df733c) Importer(815301076,1909f56bfc062723c751e8b465ee728b) (PreviewImporter)[PhysX] Initialized MultithreadedTaskDispatcher with 8 workers.
 -> (artifact id: 'b3dca77cc397c6365c322870c8ef9664') in 0.021955292 seconds
Number of updated asset objects reloaded before import = 0Number of asset objects unloaded after import = 1839

========================================================================
Received Import Request.
  Time since last request: 0.063844 seconds.
  path: Assets/TileSets/Palettes/Cave/TileSet_CaveTiles_66.asset
  artifactKey: Guid(81ab28caa80232c4c9d70487ffb78f29) Importer(815301076,1909f56bfc062723c751e8b465ee728b)
Start importing Assets/TileSets/Palettes/Cave/TileSet_CaveTiles_66.asset using Guid(81ab28caa80232c4c9d70487ffb78f29) Importer(815301076,1909f56bfc062723c751e8b465ee728b) (PreviewImporter)[PhysX] Initialized MultithreadedTaskDispatcher with 8 workers.
 -> (artifact id: '85b3a9e3287895d8f76e4c6eb30c4a8b') in 0.022681083 seconds
Number of updated asset objects reloaded before import = 0Number of asset objects unloaded after import = 1839

========================================================================
Received Import Request.
  Time since last request: 0.062461 seconds.
  path: Assets/TileSets/Palettes/Cave/TileSet_CaveTiles_68.asset
  artifactKey: Guid(4e1b2a58c26a958488af8c807e6b1cca) Importer(815301076,1909f56bfc062723c751e8b465ee728b)
Start importing Assets/TileSets/Palettes/Cave/TileSet_CaveTiles_68.asset using Guid(4e1b2a58c26a958488af8c807e6b1cca) Importer(815301076,1909f56bfc062723c751e8b465ee728b) (PreviewImporter)[PhysX] Initialized MultithreadedTaskDispatcher with 8 workers.
 -> (artifact id: '5954f85d121292f353d25138626830d3') in 0.021682625 seconds
Number of updated asset objects reloaded before import = 0Number of asset objects unloaded after import = 1839

========================================================================
Received Import Request.
  Time since last request: 0.027667 seconds.
  path: Assets/TileSets/Palettes/Cave/TileSet_CaveTiles_70.asset
  artifactKey: Guid(03393e7779612044daa147acac875f09) Importer(815301076,1909f56bfc062723c751e8b465ee728b)
Start importing Assets/TileSets/Palettes/Cave/TileSet_CaveTiles_70.asset using Guid(03393e7779612044daa147acac875f09) Importer(815301076,1909f56bfc062723c751e8b465ee728b) (PreviewImporter)[PhysX] Initialized MultithreadedTaskDispatcher with 8 workers.
 -> (artifact id: '0011045fbf8a7630bf60ade8e95e6432') in 0.021509667 seconds
Number of updated asset objects reloaded before import = 0Number of asset objects unloaded after import = 1839

========================================================================
Received Import Request.
  Time since last request: 0.115327 seconds.
  path: Assets/TileSets/Palettes/Cave/TileSet_CaveTiles_72.asset
  artifactKey: Guid(27f2ca3253b084a47b4d4cf83bc087d2) Importer(815301076,1909f56bfc062723c751e8b465ee728b)
Start importing Assets/TileSets/Palettes/Cave/TileSet_CaveTiles_72.asset using Guid(27f2ca3253b084a47b4d4cf83bc087d2) Importer(815301076,1909f56bfc062723c751e8b465ee728b) (PreviewImporter)[PhysX] Initialized MultithreadedTaskDispatcher with 8 workers.
 -> (artifact id: 'e30bcd64ecbafae0ae4027c75d2efdfe') in 0.022097084 seconds
Number of updated asset objects reloaded before import = 0Number of asset objects unloaded after import = 1839

========================================================================
Received Import Request.
  Time since last request: 0.006044 seconds.
  path: Assets/TileSets/Palettes/Cave/TileSet_CaveTiles_74.asset
  artifactKey: Guid(9bc063bde8fb3b14e8ff1ea4bfac7cf9) Importer(815301076,1909f56bfc062723c751e8b465ee728b)
Start importing Assets/TileSets/Palettes/Cave/TileSet_CaveTiles_74.asset using Guid(9bc063bde8fb3b14e8ff1ea4bfac7cf9) Importer(815301076,1909f56bfc062723c751e8b465ee728b) (PreviewImporter)[PhysX] Initialized MultithreadedTaskDispatcher with 8 workers.
 -> (artifact id: '5214b1ee392f57eacf944372a8a17e74') in 0.021589292 seconds
Number of updated asset objects reloaded before import = 0Number of asset objects unloaded after import = 1839

========================================================================
Received Import Request.
  Time since last request: 0.010467 seconds.
  path: Assets/TileSets/Palettes/Cave/TileSet_CaveTiles_76.asset
  artifactKey: Guid(2e1ae8c15e370a44f8d7517264eb7bc3) Importer(815301076,1909f56bfc062723c751e8b465ee728b)
Start importing Assets/TileSets/Palettes/Cave/TileSet_CaveTiles_76.asset using Guid(2e1ae8c15e370a44f8d7517264eb7bc3) Importer(815301076,1909f56bfc062723c751e8b465ee728b) (PreviewImporter)[PhysX] Initialized MultithreadedTaskDispatcher with 8 workers.
 -> (artifact id: '6570426a42ecf4d9971cce27693fbd27') in 0.022312834 seconds
Number of updated asset objects reloaded before import = 0Number of asset objects unloaded after import = 1839

========================================================================
Received Import Request.
  Time since last request: 0.002876 seconds.
  path: Assets/TileSets/Palettes/Cave/TileSet_CaveTiles_78.asset
  artifactKey: Guid(e0c2959387bb23f4c99f647db43ad5fc) Importer(815301076,1909f56bfc062723c751e8b465ee728b)
Start importing Assets/TileSets/Palettes/Cave/TileSet_CaveTiles_78.asset using Guid(e0c2959387bb23f4c99f647db43ad5fc) Importer(815301076,1909f56bfc062723c751e8b465ee728b) (PreviewImporter)[PhysX] Initialized MultithreadedTaskDispatcher with 8 workers.
 -> (artifact id: 'b05777ef5f2e346549a486dec9b3b2f6') in 0.021745875 seconds
Number of updated asset objects reloaded before import = 0Number of asset objects unloaded after import = 1839

========================================================================
Received Import Request.
  Time since last request: 0.000038 seconds.
  path: Assets/TileSets/Palettes/Cave/TileSet_CaveTiles_81.asset
  artifactKey: Guid(0b121dd702125e840927afb32730947a) Importer(815301076,1909f56bfc062723c751e8b465ee728b)
Start importing Assets/TileSets/Palettes/Cave/TileSet_CaveTiles_81.asset using Guid(0b121dd702125e840927afb32730947a) Importer(815301076,1909f56bfc062723c751e8b465ee728b) (PreviewImporter)[PhysX] Initialized MultithreadedTaskDispatcher with 8 workers.
 -> (artifact id: '9aa37c4f82c490bfbb423170d663c2ef') in 0.021670166 seconds
Number of updated asset objects reloaded before import = 0Number of asset objects unloaded after import = 1839

========================================================================
Received Import Request.
  Time since last request: 0.000030 seconds.
  path: Assets/TileSets/Palettes/Cave/TileSet_CaveTiles_83.asset
  artifactKey: Guid(271c3093a7f28de45b9973b71ea4688c) Importer(815301076,1909f56bfc062723c751e8b465ee728b)
Start importing Assets/TileSets/Palettes/Cave/TileSet_CaveTiles_83.asset using Guid(271c3093a7f28de45b9973b71ea4688c) Importer(815301076,1909f56bfc062723c751e8b465ee728b) (PreviewImporter)[PhysX] Initialized MultithreadedTaskDispatcher with 8 workers.
 -> (artifact id: '106dda0ea92d766be810452d3f57db2c') in 0.02195425 seconds
Number of updated asset objects reloaded before import = 0Number of asset objects unloaded after import = 1839

========================================================================
Received Import Request.
  Time since last request: 0.000034 seconds.
  path: Assets/TileSets/Palettes/Cave/TileSet_CaveTiles_87.asset
  artifactKey: Guid(3fd0d0ec214716048a08003ddb27863f) Importer(815301076,1909f56bfc062723c751e8b465ee728b)
Start importing Assets/TileSets/Palettes/Cave/TileSet_CaveTiles_87.asset using Guid(3fd0d0ec214716048a08003ddb27863f) Importer(815301076,1909f56bfc062723c751e8b465ee728b) (PreviewImporter)[PhysX] Initialized MultithreadedTaskDispatcher with 8 workers.
 -> (artifact id: '7554165b2285d7bf7ccc03a1caeaf514') in 0.022071542 seconds
Number of updated asset objects reloaded before import = 0Number of asset objects unloaded after import = 1839

========================================================================
Received Import Request.
  Time since last request: 0.000031 seconds.
  path: Assets/TileSets/Palettes/Cave/TileSet_CaveTiles_84.asset
  artifactKey: Guid(0ec5c970cae0e8046a51179e43540e43) Importer(815301076,1909f56bfc062723c751e8b465ee728b)
Start importing Assets/TileSets/Palettes/Cave/TileSet_CaveTiles_84.asset using Guid(0ec5c970cae0e8046a51179e43540e43) Importer(815301076,1909f56bfc062723c751e8b465ee728b) (PreviewImporter)[PhysX] Initialized MultithreadedTaskDispatcher with 8 workers.
 -> (artifact id: 'fa5e620bdbf4e95646e2644f0084c6a7') in 0.022602333 seconds
Number of updated asset objects reloaded before import = 0Number of asset objects unloaded after import = 1839

========================================================================
Received Import Request.
  Time since last request: 0.335644 seconds.
  path: Assets/TileSets/Palettes/Cave/TileSet_CaveTiles_88.asset
  artifactKey: Guid(cd64a98d314b9864cb562a990db27676) Importer(815301076,1909f56bfc062723c751e8b465ee728b)
Start importing Assets/TileSets/Palettes/Cave/TileSet_CaveTiles_88.asset using Guid(cd64a98d314b9864cb562a990db27676) Importer(815301076,1909f56bfc062723c751e8b465ee728b) (PreviewImporter)[PhysX] Initialized MultithreadedTaskDispatcher with 8 workers.
 -> (artifact id: '4c4309cac3c8113f6a6098f02ea9598b') in 0.0225065 seconds
Number of updated asset objects reloaded before import = 0Number of asset objects unloaded after import = 1839

========================================================================
Received Import Request.
  Time since last request: 0.045227 seconds.
  path: Assets/TileSets/Palettes/Cave/TileSet_CaveTiles_90.asset
  artifactKey: Guid(4fa800649c3044643946a9ddcbd24496) Importer(815301076,1909f56bfc062723c751e8b465ee728b)
Start importing Assets/TileSets/Palettes/Cave/TileSet_CaveTiles_90.asset using Guid(4fa800649c3044643946a9ddcbd24496) Importer(815301076,1909f56bfc062723c751e8b465ee728b) (PreviewImporter)[PhysX] Initialized MultithreadedTaskDispatcher with 8 workers.
 -> (artifact id: 'd077e16437ce98c08c734f02dc68e04a') in 0.022715792 seconds
Number of updated asset objects reloaded before import = 0Number of asset objects unloaded after import = 1839

========================================================================
Received Import Request.
  Time since last request: 0.014768 seconds.
  path: Assets/TileSets/Palettes/Cave/TileSet_CaveTiles_92.asset
  artifactKey: Guid(1e5b498c73658d74696ffdae1e1062a3) Importer(815301076,1909f56bfc062723c751e8b465ee728b)
Start importing Assets/TileSets/Palettes/Cave/TileSet_CaveTiles_92.asset using Guid(1e5b498c73658d74696ffdae1e1062a3) Importer(815301076,1909f56bfc062723c751e8b465ee728b) (PreviewImporter)[PhysX] Initialized MultithreadedTaskDispatcher with 8 workers.
 -> (artifact id: '9aac722231be4fdaa6a4442a6e9c2c71') in 0.022362667 seconds
Number of updated asset objects reloaded before import = 0Number of asset objects unloaded after import = 1839

========================================================================
Received Import Request.
  Time since last request: 0.020650 seconds.
  path: Assets/TileSets/Palettes/Cave/TileSet_CaveTiles_94.asset
  artifactKey: Guid(a69f3cfd6cc800e4cbd71b025af6fc43) Importer(815301076,1909f56bfc062723c751e8b465ee728b)
Start importing Assets/TileSets/Palettes/Cave/TileSet_CaveTiles_94.asset using Guid(a69f3cfd6cc800e4cbd71b025af6fc43) Importer(815301076,1909f56bfc062723c751e8b465ee728b) (PreviewImporter)[PhysX] Initialized MultithreadedTaskDispatcher with 8 workers.
 -> (artifact id: '62eff439020fd346d1c996f432c5ab2c') in 0.023521792 seconds
Number of updated asset objects reloaded before import = 0Number of asset objects unloaded after import = 1839

========================================================================
Received Import Request.
  Time since last request: 0.133183 seconds.
  path: Assets/TileSets/Palettes/Cave/TileSet_CaveTiles_96.asset
  artifactKey: Guid(f25c0831340e6bf4fa5d47557a6ff5ef) Importer(815301076,1909f56bfc062723c751e8b465ee728b)
Start importing Assets/TileSets/Palettes/Cave/TileSet_CaveTiles_96.asset using Guid(f25c0831340e6bf4fa5d47557a6ff5ef) Importer(815301076,1909f56bfc062723c751e8b465ee728b) (PreviewImporter)[PhysX] Initialized MultithreadedTaskDispatcher with 8 workers.
 -> (artifact id: '488e1603c4cfe477f0f870cc58919c21') in 0.023528792 seconds
Number of updated asset objects reloaded before import = 0Number of asset objects unloaded after import = 1839

========================================================================
Received Import Request.
  Time since last request: 0.034920 seconds.
  path: Assets/TileSets/Palettes/Cave/TileSet_CaveTiles_98.asset
  artifactKey: Guid(a4e6a82a2c59aff498d4a8e3a4910edd) Importer(815301076,1909f56bfc062723c751e8b465ee728b)
Start importing Assets/TileSets/Palettes/Cave/TileSet_CaveTiles_98.asset using Guid(a4e6a82a2c59aff498d4a8e3a4910edd) Importer(815301076,1909f56bfc062723c751e8b465ee728b) (PreviewImporter)[PhysX] Initialized MultithreadedTaskDispatcher with 8 workers.
 -> (artifact id: 'e07997dd60d34a19888529be50b64c20') in 0.022142875 seconds
Number of updated asset objects reloaded before import = 0Number of asset objects unloaded after import = 1839

========================================================================
Received Import Request.
  Time since last request: 3.709179 seconds.
  path: Assets/TileSets/Palettes/Cave/TileSet_CaveTiles_100.asset
  artifactKey: Guid(ed2f7d7ab5f0831499aabcde0ed04289) Importer(815301076,1909f56bfc062723c751e8b465ee728b)
Start importing Assets/TileSets/Palettes/Cave/TileSet_CaveTiles_100.asset using Guid(ed2f7d7ab5f0831499aabcde0ed04289) Importer(815301076,1909f56bfc062723c751e8b465ee728b) (PreviewImporter)[PhysX] Initialized MultithreadedTaskDispatcher with 8 workers.
 -> (artifact id: '1ca65b44e47bd2df8aafa812384c7e7b') in 0.030317334 seconds
Number of updated asset objects reloaded before import = 0Number of asset objects unloaded after import = 1839

========================================================================
Received Import Request.
  Time since last request: 0.241010 seconds.
  path: Assets/TileSets/Palettes/Cave/TileSet_CaveTiles_102.asset
  artifactKey: Guid(18dc5110a138a65458ef97773e430ccc) Importer(815301076,1909f56bfc062723c751e8b465ee728b)
Start importing Assets/TileSets/Palettes/Cave/TileSet_CaveTiles_102.asset using Guid(18dc5110a138a65458ef97773e430ccc) Importer(815301076,1909f56bfc062723c751e8b465ee728b) (PreviewImporter)[PhysX] Initialized MultithreadedTaskDispatcher with 8 workers.
 -> (artifact id: 'fac79452a649625c454158fb5cc927ae') in 0.022172583 seconds
Number of updated asset objects reloaded before import = 0Number of asset objects unloaded after import = 1839

========================================================================
Received Import Request.
  Time since last request: 0.074218 seconds.
  path: Assets/TileSets/Palettes/Cave/TileSet_CaveTiles_104.asset
  artifactKey: Guid(d4e7af5d04b57124cb098a5bd05642f5) Importer(815301076,1909f56bfc062723c751e8b465ee728b)
Start importing Assets/TileSets/Palettes/Cave/TileSet_CaveTiles_104.asset using Guid(d4e7af5d04b57124cb098a5bd05642f5) Importer(815301076,1909f56bfc062723c751e8b465ee728b) (PreviewImporter)[PhysX] Initialized MultithreadedTaskDispatcher with 8 workers.
 -> (artifact id: 'ba5a083839753c0c6648f2669463d73c') in 0.021806 seconds
Number of updated asset objects reloaded before import = 0Number of asset objects unloaded after import = 1839

========================================================================
Received Import Request.
  Time since last request: 0.192990 seconds.
  path: Assets/TileSets/Palettes/Cave/TileSet_CaveTiles_106.asset
  artifactKey: Guid(de56be03d5108124a8d68c292f02975d) Importer(815301076,1909f56bfc062723c751e8b465ee728b)
Start importing Assets/TileSets/Palettes/Cave/TileSet_CaveTiles_106.asset using Guid(de56be03d5108124a8d68c292f02975d) Importer(815301076,1909f56bfc062723c751e8b465ee728b) (PreviewImporter)[PhysX] Initialized MultithreadedTaskDispatcher with 8 workers.
 -> (artifact id: '18d4ba1fb2c7066efe13bbaa04dc0480') in 0.021917 seconds
Number of updated asset objects reloaded before import = 0Number of asset objects unloaded after import = 1839

========================================================================
Received Import Request.
  Time since last request: 0.107971 seconds.
  path: Assets/TileSets/Palettes/Cave/TileSet_CaveTiles_108.asset
  artifactKey: Guid(e8d42433db050dc43aa74da1cef1864c) Importer(815301076,1909f56bfc062723c751e8b465ee728b)
Start importing Assets/TileSets/Palettes/Cave/TileSet_CaveTiles_108.asset using Guid(e8d42433db050dc43aa74da1cef1864c) Importer(815301076,1909f56bfc062723c751e8b465ee728b) (PreviewImporter)[PhysX] Initialized MultithreadedTaskDispatcher with 8 workers.
 -> (artifact id: '882982aef59d4fee6ef43a81cbed9250') in 0.023341125 seconds
Number of updated asset objects reloaded before import = 0Number of asset objects unloaded after import = 1839

========================================================================
Received Import Request.
  Time since last request: 0.024676 seconds.
  path: Assets/TileSets/Palettes/Cave/TileSet_CaveTiles_110.asset
  artifactKey: Guid(3dc0a29f02be78f45ae07f1c046fa11e) Importer(815301076,1909f56bfc062723c751e8b465ee728b)
Start importing Assets/TileSets/Palettes/Cave/TileSet_CaveTiles_110.asset using Guid(3dc0a29f02be78f45ae07f1c046fa11e) Importer(815301076,1909f56bfc062723c751e8b465ee728b) (PreviewImporter)[PhysX] Initialized MultithreadedTaskDispatcher with 8 workers.
 -> (artifact id: '969f93cb4613b5e6c9dd607394cfdad9') in 0.021673417 seconds
Number of updated asset objects reloaded before import = 0Number of asset objects unloaded after import = 1839

========================================================================
Received Import Request.
  Time since last request: 0.020673 seconds.
  path: Assets/TileSets/Palettes/Cave/TileSet_CaveTiles_112.asset
  artifactKey: Guid(5de0cacf46761634ba80d9fd3c2dd15c) Importer(815301076,1909f56bfc062723c751e8b465ee728b)
Start importing Assets/TileSets/Palettes/Cave/TileSet_CaveTiles_112.asset using Guid(5de0cacf46761634ba80d9fd3c2dd15c) Importer(815301076,1909f56bfc062723c751e8b465ee728b) (PreviewImporter)[PhysX] Initialized MultithreadedTaskDispatcher with 8 workers.
 -> (artifact id: 'd9cbebeff1d2049982ef60db828deacb') in 0.021839875 seconds
Number of updated asset objects reloaded before import = 0Number of asset objects unloaded after import = 1839

========================================================================
Received Import Request.
  Time since last request: 0.009466 seconds.
  path: Assets/TileSets/Palettes/Cave/TileSet_CaveTiles_114.asset
  artifactKey: Guid(ceb3790172e94d940900293702226351) Importer(815301076,1909f56bfc062723c751e8b465ee728b)
Start importing Assets/TileSets/Palettes/Cave/TileSet_CaveTiles_114.asset using Guid(ceb3790172e94d940900293702226351) Importer(815301076,1909f56bfc062723c751e8b465ee728b) (PreviewImporter)[PhysX] Initialized MultithreadedTaskDispatcher with 8 workers.
 -> (artifact id: 'a682dc0d2f6b32b6540fc999831faa19') in 0.021846542 seconds
Number of updated asset objects reloaded before import = 0Number of asset objects unloaded after import = 1839

========================================================================
Received Import Request.
  Time since last request: 0.000040 seconds.
  path: Assets/TileSets/Palettes/Cave/TileSet_CaveTiles_116.asset
  artifactKey: Guid(83cf09bd28124014694cb5186d681921) Importer(815301076,1909f56bfc062723c751e8b465ee728b)
Start importing Assets/TileSets/Palettes/Cave/TileSet_CaveTiles_116.asset using Guid(83cf09bd28124014694cb5186d681921) Importer(815301076,1909f56bfc062723c751e8b465ee728b) (PreviewImporter)[PhysX] Initialized MultithreadedTaskDispatcher with 8 workers.
 -> (artifact id: 'cae5d9494e9e0a7a90f686fc25e21e36') in 0.021526458 seconds
Number of updated asset objects reloaded before import = 0Number of asset objects unloaded after import = 1839

========================================================================
Received Import Request.
  Time since last request: 0.143567 seconds.
  path: Assets/TileSets/Palettes/Cave/TileSet_CaveTiles_118.asset
  artifactKey: Guid(06f3fa97f37ec374dae438e9e9cf4414) Importer(815301076,1909f56bfc062723c751e8b465ee728b)
Start importing Assets/TileSets/Palettes/Cave/TileSet_CaveTiles_118.asset using Guid(06f3fa97f37ec374dae438e9e9cf4414) Importer(815301076,1909f56bfc062723c751e8b465ee728b) (PreviewImporter)[PhysX] Initialized MultithreadedTaskDispatcher with 8 workers.
 -> (artifact id: '0617155965b1ad5d19f5f0fc2ddc8765') in 0.0217205 seconds
Number of updated asset objects reloaded before import = 0Number of asset objects unloaded after import = 1839

========================================================================
Received Import Request.
  Time since last request: 1.226478 seconds.
  path: Assets/TileSets/Palettes/Cave/TileSet_CaveTiles_120.asset
  artifactKey: Guid(eaad6abebe4381d47bc9a45e87441ef2) Importer(815301076,1909f56bfc062723c751e8b465ee728b)
Start importing Assets/TileSets/Palettes/Cave/TileSet_CaveTiles_120.asset using Guid(eaad6abebe4381d47bc9a45e87441ef2) Importer(815301076,1909f56bfc062723c751e8b465ee728b) (PreviewImporter)[PhysX] Initialized MultithreadedTaskDispatcher with 8 workers.
 -> (artifact id: '5c1146dcfe9caf92fbcb645cfe95dfc4') in 0.036716792 seconds
Number of updated asset objects reloaded before import = 0Number of asset objects unloaded after import = 1839

========================================================================
Received Import Request.
  Time since last request: 0.165867 seconds.
  path: Assets/TileSets/Palettes/Cave/TileSet_CaveTiles_122.asset
  artifactKey: Guid(572e9c6d7d46f2245828ef6908188df4) Importer(815301076,1909f56bfc062723c751e8b465ee728b)
Start importing Assets/TileSets/Palettes/Cave/TileSet_CaveTiles_122.asset using Guid(572e9c6d7d46f2245828ef6908188df4) Importer(815301076,1909f56bfc062723c751e8b465ee728b) (PreviewImporter)[PhysX] Initialized MultithreadedTaskDispatcher with 8 workers.
 -> (artifact id: '58926b907594d786765da1b9818d62ed') in 0.021641208 seconds
Number of updated asset objects reloaded before import = 0Number of asset objects unloaded after import = 1839

========================================================================
Received Import Request.
  Time since last request: 16.817081 seconds.
  path: Assets/TileSets/Palettes/Cave/TileSet_CaveTiles_124.asset
  artifactKey: Guid(410d2da14db4b304eb4ae4b44cea5368) Importer(815301076,1909f56bfc062723c751e8b465ee728b)
Start importing Assets/TileSets/Palettes/Cave/TileSet_CaveTiles_124.asset using Guid(410d2da14db4b304eb4ae4b44cea5368) Importer(815301076,1909f56bfc062723c751e8b465ee728b) (PreviewImporter)[PhysX] Initialized MultithreadedTaskDispatcher with 8 workers.
 -> (artifact id: 'df83c6faca1387d2345523323be9a21b') in 0.030913625 seconds
Number of updated asset objects reloaded before import = 0Number of asset objects unloaded after import = 1839

